#
# There is insufficient memory for the Java Runtime Environment to continue.
# Native memory allocation (mmap) failed to map 65536 bytes for Failed to commit area from 0x0000022a4cd90000 to 0x0000022a4cda0000 of length 65536.
# Possible reasons:
#   The system is out of physical RAM or swap space
#   The process is running with CompressedOops enabled, and the Java Heap may be blocking the growth of the native heap
# Possible solutions:
#   Reduce memory load on the system
#   Increase physical memory or swap space
#   Check if swap backing store is full
#   Decrease Java heap size (-Xmx/-Xms)
#   Decrease number of Java threads
#   Decrease Java thread stack sizes (-Xss)
#   Set larger code cache with -XX:ReservedCodeCacheSize=
# This output file may be truncated or incomplete.
#
#  Out of Memory Error (src/hotspot/os/windows/os_windows.cpp:3627), pid=13116, tid=12592
#
# JRE version:  (11.0.15) (build )
# Java VM: OpenJDK 64-Bit Server VM (11.0.15+0-b2043.56-8887301, mixed mode, sharing, tiered, compressed oops, g1 gc, windows-amd64)
# No core dump will be written. Minidumps are not enabled by default on client versions of Windows
#

---------------  S U M M A R Y ------------

Command Line: org.jetbrains.kotlin.cli.jvm.K2JVMCompiler @C:\Users\tharukerjapaksha\AndroidStudioProjects\FairPrice\app\build\20230505_2208175151679363193.compiler.options

Host: Intel(R) Core(TM) i5-4210U CPU @ 1.70GHz, 4 cores, 7G,  Windows 10 , 64 bit Build 19041 (10.0.19041.2788)
Time: Fri May  5 13:02:33 2023 Sri Lanka Standard Time elapsed time: 0.016416 seconds (0d 0h 0m 0s)

---------------  T H R E A D  ---------------

Current thread (0x0000022a37523000):  JavaThread "Unknown thread" [_thread_in_vm, id=12592, stack(0x0000007729000000,0x0000007729100000)]

Stack: [0x0000007729000000,0x0000007729100000]
Native frames: (J=compiled Java code, j=interpreted, Vv=VM code, C=native code)
V  [jvm.dll+0x64135a]
V  [jvm.dll+0x7d39f9]
V  [jvm.dll+0x7d51b9]
V  [jvm.dll+0x7d58a3]
V  [jvm.dll+0x2691c5]
V  [jvm.dll+0x63e4e9]
V  [jvm.dll+0x632985]
V  [jvm.dll+0x3231ac]
V  [jvm.dll+0x323032]
V  [jvm.dll+0x327d20]
V  [jvm.dll+0x36ffc8]
V  [jvm.dll+0x36fa01]
V  [jvm.dll+0x2fea28]
V  [jvm.dll+0x2ffb25]
V  [jvm.dll+0x7accd7]
V  [jvm.dll+0x7ae49f]
V  [jvm.dll+0x37d299]
V  [jvm.dll+0x78ef9f]
V  [jvm.dll+0x3ec847]
V  [jvm.dll+0x3eed31]
C  [jli.dll+0x52cb]
C  [ucrtbase.dll+0x21bb2]
C  [KERNEL32.DLL+0x17604]
C  [ntdll.dll+0x526a1]


---------------  P R O C E S S  ---------------

Threads class SMR info:
_java_thread_list=0x0000022a354447a0, length=0, elements={
}

Java Threads: ( => current thread )

Other Threads:
  0x0000022a3753b000 GCTaskThread "GC Thread#0" [stack: 0x0000007729100000,0x0000007729200000] [id=9424]
  0x0000022a3756c000 ConcurrentGCThread "G1 Main Marker" [stack: 0x0000007729200000,0x0000007729300000] [id=3684]
  0x0000022a3756e800 ConcurrentGCThread "G1 Conc#0" [stack: 0x0000007729300000,0x0000007729400000] [id=11972]

[error occurred during error reporting (printing all threads), id 0xc0000005, EXCEPTION_ACCESS_VIOLATION (0xc0000005) at pc=0x00007fff6cd7f3e7]

VM state:not at safepoint (not fully initialized)

VM Mutex/Monitor currently owned by a thread:  ([mutex/lock_event])
[0x0000022a3751d9e0] Heap_lock - owner thread: 0x0000022a37523000

Heap address: 0x0000000081800000, size: 2024 MB, Compressed Oops mode: Non-zero based: 0x0000000081800000
Narrow klass base: 0x0000000000000000, Narrow klass shift: 0

GC Heap History (0 events):
No events

Deoptimization events (0 events):
No events

Classes redefined (0 events):
No events

Internal exceptions (0 events):
No events

Events (1 events):
Event: 0.009 Loaded shared library C:\Program Files\Android\Android Studio\jbr\bin\zip.dll


Dynamic libraries:
0x00007ff7343b0000 - 0x00007ff7343ba000 	C:\Program Files\Android\Android Studio\jbr\bin\java.exe
0x00007fffbb7b0000 - 0x00007fffbb9a8000 	C:\WINDOWS\SYSTEM32\ntdll.dll
0x00007fffbacf0000 - 0x00007fffbadaf000 	C:\WINDOWS\System32\KERNEL32.DLL
0x00007fffb9020000 - 0x00007fffb92fa000 	C:\WINDOWS\System32\KERNELBASE.dll
0x00007fffb9410000 - 0x00007fffb9510000 	C:\WINDOWS\System32\ucrtbase.dll
0x00007fff989b0000 - 0x00007fff989cb000 	C:\Program Files\Android\Android Studio\jbr\bin\VCRUNTIME140.dll
0x00007fff95050000 - 0x00007fff95067000 	C:\Program Files\Android\Android Studio\jbr\bin\jli.dll
0x00007fffb9900000 - 0x00007fffb9a9d000 	C:\WINDOWS\System32\USER32.dll
0x00007fffa74d0000 - 0x00007fffa776a000 	C:\WINDOWS\WinSxS\amd64_microsoft.windows.common-controls_6595b64144ccf1df_6.0.19041.1110_none_60b5254171f9507e\COMCTL32.dll
0x00007fffb9c20000 - 0x00007fffb9cbe000 	C:\WINDOWS\System32\msvcrt.dll
0x00007fffb8ff0000 - 0x00007fffb9012000 	C:\WINDOWS\System32\win32u.dll
0x00007fffbb330000 - 0x00007fffbb35b000 	C:\WINDOWS\System32\GDI32.dll
0x00007fffb9300000 - 0x00007fffb9410000 	C:\WINDOWS\System32\gdi32full.dll
0x00007fffb9610000 - 0x00007fffb96ad000 	C:\WINDOWS\System32\msvcp_win.dll
0x00007fffbab10000 - 0x00007fffbab40000 	C:\WINDOWS\System32\IMM32.DLL
0x00007fff6dd00000 - 0x00007fff6dd8d000 	C:\Program Files\Android\Android Studio\jbr\bin\msvcp140.dll
0x00007fffb59b0000 - 0x00007fffb59bc000 	C:\WINDOWS\SYSTEM32\VCRUNTIME140_1.dll
0x00007fff6ca70000 - 0x00007fff6d62c000 	C:\Program Files\Android\Android Studio\jbr\bin\server\jvm.dll
0x00007fffba4c0000 - 0x00007fffba56e000 	C:\WINDOWS\System32\ADVAPI32.dll
0x00007fffbb370000 - 0x00007fffbb40c000 	C:\WINDOWS\System32\sechost.dll
0x00007fffbae30000 - 0x00007fffbaf56000 	C:\WINDOWS\System32\RPCRT4.dll
0x00007fffbb360000 - 0x00007fffbb368000 	C:\WINDOWS\System32\PSAPI.DLL
0x00007fffb1040000 - 0x00007fffb1049000 	C:\WINDOWS\SYSTEM32\WSOCK32.dll
0x00007fffa98f0000 - 0x00007fffa9917000 	C:\WINDOWS\SYSTEM32\WINMM.dll
0x00007fffba570000 - 0x00007fffba5db000 	C:\WINDOWS\System32\WS2_32.dll
0x00007fffab3f0000 - 0x00007fffab3fa000 	C:\WINDOWS\SYSTEM32\VERSION.dll
0x00007fffb6d40000 - 0x00007fffb6d52000 	C:\WINDOWS\SYSTEM32\kernel.appcore.dll
0x00007fffa1730000 - 0x00007fffa1740000 	C:\Program Files\Android\Android Studio\jbr\bin\verify.dll
0x00007fffadb90000 - 0x00007fffadd74000 	C:\WINDOWS\SYSTEM32\DBGHELP.DLL
0x00007fffa8930000 - 0x00007fffa8964000 	C:\WINDOWS\SYSTEM32\dbgcore.DLL
0x00007fffb9580000 - 0x00007fffb9602000 	C:\WINDOWS\System32\bcryptPrimitives.dll
0x00007fff94cd0000 - 0x00007fff94cf8000 	C:\Program Files\Android\Android Studio\jbr\bin\java.dll
0x00007fff9ae90000 - 0x00007fff9ae9a000 	C:\Program Files\Android\Android Studio\jbr\bin\jimage.dll
0x00007fff8f420000 - 0x00007fff8f438000 	C:\Program Files\Android\Android Studio\jbr\bin\zip.dll

dbghelp: loaded successfully - version: 4.0.5 - missing functions: none
symbol engine: initialized successfully - sym options: 0x614 - pdb path: .;C:\Program Files\Android\Android Studio\jbr\bin;C:\WINDOWS\SYSTEM32;C:\WINDOWS\WinSxS\amd64_microsoft.windows.common-controls_6595b64144ccf1df_6.0.19041.1110_none_60b5254171f9507e;C:\Program Files\Android\Android Studio\jbr\bin\server

VM Arguments:
java_command: org.jetbrains.kotlin.cli.jvm.K2JVMCompiler @C:\Users\tharukerjapaksha\AndroidStudioProjects\FairPrice\app\build\20230505_2208175151679363193.compiler.options
java_class_path (initial): C:\Users\tharukerjapaksha\.gradle\caches\modules-2\files-2.1\org.jetbrains.kotlin\kotlin-compiler-embeddable\1.7.21\a36688d6a38ea94ac3fce84e198ea2cb6c6a8e88\kotlin-compiler-embeddable-1.7.21.jar;C:\Users\tharukerjapaksha\.gradle\caches\modules-2\files-2.1\org.jetbrains.kotlin\kotlin-reflect\1.7.21\ad6d09bc4db0eab1069112eea8ebea0be7be44f\kotlin-reflect-1.7.21.jar;C:\Users\tharukerjapaksha\.gradle\caches\modules-2\files-2.1\org.jetbrains.kotlin\kotlin-stdlib\1.7.21\1a2eaf898a0dda83037034b10a42053cf8a7caf8\kotlin-stdlib-1.7.21.jar;C:\Users\tharukerjapaksha\.gradle\caches\modules-2\files-2.1\org.jetbrains.kotlin\kotlin-script-runtime\1.7.21\b06d5c58297dccce2a0f69b0636804b0a73b3b9\kotlin-script-runtime-1.7.21.jar;C:\Users\tharukerjapaksha\.gradle\caches\modules-2\files-2.1\org.jetbrains.kotlin\kotlin-daemon-embeddable\1.7.21\b94818f660cc50f5d39f04b6396ac38e4d3a9eb7\kotlin-daemon-embeddable-1.7.21.jar;C:\Users\tharukerjapaksha\.gradle\caches\modules-2\files-2.1\org.jetbrains.intellij.deps\trove4j\1.0.20200330\3afb14d5f9ceb459d724e907a21145e8ff394f02\trove4j-1.0.20200330.jar;C:\Users\tharukerjapaksha\.gradle\caches\modules-2\files-2.1\net.java.dev.jna\jna\5.6.0\330f2244e9030119ab3030fc3fededc86713d9cc\jna-5.6.0.jar;C:\Users\tharukerjapaksha\.gradle\caches\modules-2\files-2.1\org.jetbrains.kotlin\kotlin-stdlib-common\1.7.21\cb02257de8e13e8498f8e2f69f742f2d438e794d\kotlin-stdlib-common-1.7.21.jar;C:\Users\tharukerjapaksha\.gradle\caches\modules-2\files-2.1\org.jetbrains\annotations\13.0\919f0dfe192fb4e063e7dacadee7f8bb9a2672a9\annotations-13.0.jar
Launcher Type: SUN_STANDARD

[Global flags]
     intx CICompilerCount                          = 3                                         {product} {ergonomic}
     uint ConcGCThreads                            = 1                                         {product} {ergonomic}
     uint G1ConcRefinementThreads                  = 4                                         {product} {ergonomic}
   size_t G1HeapRegionSize                         = 1048576                                   {product} {ergonomic}
    uintx GCDrainStackTargetSize                   = 64                                        {product} {ergonomic}
   size_t InitialHeapSize                          = 134217728                                 {product} {ergonomic}
   size_t MarkStackSize                            = 4194304                                   {product} {ergonomic}
   size_t MaxHeapSize                              = 2122317824                                {product} {ergonomic}
   size_t MinHeapDeltaBytes                        = 1048576                                   {product} {ergonomic}
    uintx NonNMethodCodeHeapSize                   = 5830732                                {pd product} {ergonomic}
    uintx NonProfiledCodeHeapSize                  = 122913754                              {pd product} {ergonomic}
    uintx ProfiledCodeHeapSize                     = 122913754                              {pd product} {ergonomic}
    uintx ReservedCodeCacheSize                    = 251658240                              {pd product} {ergonomic}
     bool SegmentedCodeCache                       = true                                      {product} {ergonomic}
     bool UseCompressedClassPointers               = true                                 {lp64_product} {ergonomic}
     bool UseCompressedOops                        = true                                 {lp64_product} {ergonomic}
     bool UseG1GC                                  = true                                      {product} {ergonomic}
     bool UseLargePagesIndividualAllocation        = false                                  {pd product} {ergonomic}

Logging:
Log output configuration:
 #0: stdout all=warning uptime,level,tags
 #1: stderr all=off uptime,level,tags

Environment Variables:
JAVA_HOME=C:\Program Files\Java\jdk-19
PATH=C:\Program Files\Common Files\Oracle\Java\javapath;C:\Program Files (x86)\Common Files\Oracle\Java\javapath;C:\Users\tharukerjapaksha\AppData\Local\Programs\Python\Python39\Scripts;C:\Users\tharukerjapaksha\AppData\Local\Programs\Python\Python39;C:\WINDOWS\system32;C:\WINDOWS;C:\WINDOWS\System32\Wbem;C:\WINDOWS\System32\WindowsPowerShell\v1.0\;C:\WINDOWS\System32\OpenSSH\;C:\ProgramData\chocolatey\bin;C:\Program Files\Git\cmd;C:\src\flutter\bin;C:\Program Files\Java\jdk-19\bin;C:\gradle\bin;C:\Users\tharukerjapaksha\AppData\Roaming\nvm;C:\Program Files\nodejs;C:\Users\tharukerjapaksha\AppData\Local\Android\Sdk\platform-tools;C:\Program Files\Docker\Docker\resources\bin;C:\Users\tharukerjapaksha\AppData\Local\Microsoft\WindowsApps;C:\Users\tharukerjapaksha\AppData\Roaming\npm;C:\Users\tharukerjapaksha\AppData\Local\Programs\Microsoft VS Code\bin;C:\src\flutter\bin;C:\Program Files\Java\jdk-19\bin;C:\gradle\bin;C:\Program Files\JetBrains\PyCharm Community Edition 2022.3.1\bin;;C:\Users\tharukerjapaksha\AppData\Roaming\nvm;C:\Program Files\nodejs;C:\Users\tharukerjapaksha\AppData\Local\Android\Sdk\platform-tools;C:\Program Files\JetBrains\IntelliJ IDEA Community Edition 2023.1\bin;;C:\Program Files\JetBrains\IntelliJ IDEA 2023.1.1\bin;;
USERNAME=tharukerjapaksha
OS=Windows_NT
PROCESSOR_IDENTIFIER=Intel64 Family 6 Model 69 Stepping 1, GenuineIntel



---------------  S Y S T E M  ---------------

OS: Windows 10 , 64 bit Build 19041 (10.0.19041.2788)
OS uptime: 0 days 1:13 hours
Hyper-V role detected

CPU:total 4 (initial active 4) (2 cores per cpu, 2 threads per core) family 6 model 69 stepping 1 microcode 0x25, cmov, cx8, fxsr, mmx, sse, sse2, sse3, ssse3, sse4.1, sse4.2, popcnt, avx, avx2, aes, clmul, erms, lzcnt, ht, tsc, tscinvbit, bmi1, bmi2, fma

Memory: 4k page, system-wide physical 8088M (682M free)
TotalPageFile size 10779M (AvailPageFile size 5M)
current process WorkingSet (physical memory assigned to process): 12M, peak: 12M
current process commit charge ("private bytes"): 183M, peak: 183M

vm_info: OpenJDK 64-Bit Server VM (11.0.15+0-b2043.56-8887301) for windows-amd64 JRE (11.0.15+0-b2043.56-8887301), built on Jul 29 2022 23:19:47 by "builduser" with unknown MS VC++:1929

END.
